get line: sed -n '5 p' det-RTS-GMLC-runs.sh
command: julia --project=. src/main.jl -c RTS_GMLC.m -k 5 -a deterministic  
run command: julia --project=. src/main.jl -c RTS_GMLC.m -k 5 -a deterministic  
output: julia --project=. src/main.jl -c RTS_GMLC.m -k 5 -a deterministic  
Set parameter TokenServer to value "infrateam.lanl.gov"
[info | PowerModels]: Suppressing information and warning messages for the rest of this session.  Use the Memento package for more fine-grained control of logging.
Set parameter TimeLimit to value 86400
Set parameter LazyConstraints to value 1
Gurobi Optimizer version 10.0.0 build v10.0.0rc2 (linux64)

CPU model: Intel(R) Xeon(R) CPU E5-2695 v4 @ 2.10GHz, instruction set [SSE2|AVX|AVX2]
Thread count: 36 physical cores, 72 logical processors, using up to 32 threads

Optimize a model with 1 rows, 217 columns and 216 nonzeros
Model fingerprint: 0xb91abe11
Variable types: 1 continuous, 216 integer (216 binary)
Coefficient statistics:
  Matrix range     [1e+00, 1e+00]
  Objective range  [1e+00, 1e+00]
  Bounds range     [1e-06, 1e+06]
  RHS range        [5e+00, 5e+00]
Presolve time: 0.00s
Presolved: 1 rows, 217 columns, 216 nonzeros
Variable types: 1 continuous, 216 integer (216 binary)

Root simplex log...

Iteration    Objective       Primal Inf.    Dual Inf.      Time
       0    1.3102667e+02   3.698947e+01   0.000000e+00      8s
       7    2.1192886e+01   0.000000e+00   0.000000e+00      8s

Root relaxation: objective 2.119289e+01, 7 iterations, 0.00 seconds (0.00 work units)

    Nodes    |    Current Node    |     Objective Bounds      |     Work
 Expl Unexpl |  Obj  Depth IntInf | Incumbent    BestBd   Gap | It/Node Time

     0     0   21.19289    0    -          -   21.19289      -     -    8s
     0     0   21.10780    0    2          -   21.10780      -     -    8s
H    0     0                       9.9400000   21.10780   112%     -    8s
     0     0   19.84993    0    9    9.94000   19.84993   100%     -    8s
     0     0   18.84691    0   11    9.94000   18.84691  89.6%     -    8s
     0     0   18.84262    0   11    9.94000   18.84262  89.6%     -    8s
     0     0   18.78058    0   11    9.94000   18.78058  88.9%     -    8s
     0     2   18.78058    0   11    9.94000   18.78058  88.9%     -    8s
*  157   157               9      12.9400000   18.00117  39.1%   4.0    9s
   741   528   13.22991   15    2   12.94000   18.00117  39.1%   3.1   12s
* 1736  1010               9      13.8100000   17.60990  27.5%   3.3   14s
  2232  1265   14.49388   32    4   13.81000   17.25933  25.0%   3.3   15s
H 4470  2087                      13.8100000   16.39000  18.7%   3.6   18s
  5481  2823     cutoff   38        13.81000   16.10535  16.6%   3.6   20s
  7527  3292   14.23156   29   12   13.81000   15.51394  12.3%   3.9   25s
  7677  3361   15.51394   18   11   13.81000   15.51394  12.3%   3.9   30s

Cutting planes:
  Gomory: 3
  MIR: 2
  Flow cover: 4
  Lazy constraints: 47

Explored 11052 nodes (46643 simplex iterations) in 32.10 seconds (5.58 work units)
Thread count was 32 (of 72 available processors)

Solution count 3: 13.81 12.94 9.94 

Optimal solution found (tolerance 1.00e-04)
Best objective 1.381000000148e+01, best bound 1.381000000148e+01, gap 0.0000%

User-callback calls 26537, time in user-callback 22.19 sec
                                 CLI parameters
┌──────────────────────┬───────────────────────────────────────────────────────┐
│    maximum_scenarios │                                                    50 │
│        scenario_file │                        pglib_opf_case240_pserc_1.json │
│ use_separate_budgets │                                                 false │
│          output_path │ /vast/home/kaarthik/in-progress/stochastic_nk/output/ │
│          line_budget │                                                     2 │
│       optimality_gap │                                                  0.01 │
│                 case │                                            RTS_GMLC.m │
│            data_path │   /vast/home/kaarthik/in-progress/stochastic_nk/data/ │
│               budget │                                                     5 │
│              timeout │                                                 86400 │
│              problem │                                         deterministic │
│     generator_budget │                                                     0 │
└──────────────────────┴───────────────────────────────────────────────────────┘
