get line: sed -n '7 p' det-RTS-GMLC-runs.sh
command: julia --project=. src/main.jl -c RTS_GMLC.m -k 7 -a deterministic  
run command: julia --project=. src/main.jl -c RTS_GMLC.m -k 7 -a deterministic  
output: julia --project=. src/main.jl -c RTS_GMLC.m -k 7 -a deterministic  
Set parameter TokenServer to value "infrateam.lanl.gov"
[info | PowerModels]: Suppressing information and warning messages for the rest of this session.  Use the Memento package for more fine-grained control of logging.
Set parameter TimeLimit to value 86400
Set parameter LazyConstraints to value 1
Gurobi Optimizer version 10.0.0 build v10.0.0rc2 (linux64)

CPU model: Intel(R) Xeon(R) CPU E5-2695 v4 @ 2.10GHz, instruction set [SSE2|AVX|AVX2]
Thread count: 36 physical cores, 72 logical processors, using up to 32 threads

Optimize a model with 1 rows, 217 columns and 216 nonzeros
Model fingerprint: 0x11387f85
Variable types: 1 continuous, 216 integer (216 binary)
Coefficient statistics:
  Matrix range     [1e+00, 1e+00]
  Objective range  [1e+00, 1e+00]
  Bounds range     [1e-06, 1e+06]
  RHS range        [7e+00, 7e+00]
Presolve time: 0.01s
Presolved: 1 rows, 217 columns, 216 nonzeros
Variable types: 1 continuous, 216 integer (216 binary)

Root simplex log...

Iteration    Objective       Primal Inf.    Dual Inf.      Time
       0    1.3399028e+02   3.894038e+01   0.000000e+00      8s
       2    2.9160428e+01   0.000000e+00   0.000000e+00      8s

Root relaxation: objective 2.916043e+01, 2 iterations, 0.00 seconds (0.00 work units)

    Nodes    |    Current Node    |     Objective Bounds      |     Work
 Expl Unexpl |  Obj  Depth IntInf | Incumbent    BestBd   Gap | It/Node Time

     0     0   29.16043    0    -          -   29.16043      -     -    7s
     0     0   29.13197    0    2          -   29.13197      -     -    7s
H    0     0                      13.4900000   29.13197   116%     -    7s
H    0     0                      16.4400000   29.13197  77.2%     -    7s
     0     0   28.16168    0    9   16.44000   28.16168  71.3%     -    8s
     0     0   27.39181    0   15   16.44000   27.39181  66.6%     -    8s
     0     0   27.37174    0   13   16.44000   27.37174  66.5%     -    8s
     0     0   27.35494    0   13   16.44000   27.35494  66.4%     -    8s
     0     0   27.35490    0   13   16.44000   27.35490  66.4%     -    8s
     0     0   27.35160    0   13   16.44000   27.35160  66.4%     -    8s
H    0     0                      19.9900000   27.35160  36.8%     -    8s
     0     2   26.39342    0   12   19.99000   26.39342  32.0%     -    8s
*  789   671              10      20.0400000   25.77424  28.6%   3.9   10s
  3912  2353   21.11299   19   18   20.04000   24.69582  23.2%   4.2   15s
 10279  4505   20.11347   26    3   20.04000   22.67856  13.2%   4.7   20s
 18359  7006   20.70769   36   10   20.04000   21.97344  9.65%   5.1   25s
 31599  6110     cutoff   39        20.04000   21.24792  6.03%   5.8   30s

Cutting planes:
  Gomory: 4
  MIR: 1
  Flow cover: 3
  Lazy constraints: 362

Explored 45705 nodes (267476 simplex iterations) in 31.89 seconds (7.01 work units)
Thread count was 32 (of 72 available processors)

Solution count 4: 20.04 19.99 16.44 13.49 

Optimal solution found (tolerance 1.00e-04)
Best objective 2.004000000000e+01, best bound 2.004000000000e+01, gap 0.0000%

User-callback calls 95768, time in user-callback 21.69 sec
                                 CLI parameters
┌──────────────────────┬───────────────────────────────────────────────────────┐
│    maximum_scenarios │                                                    50 │
│        scenario_file │                        pglib_opf_case240_pserc_1.json │
│ use_separate_budgets │                                                 false │
│          output_path │ /vast/home/kaarthik/in-progress/stochastic_nk/output/ │
│          line_budget │                                                     2 │
│       optimality_gap │                                                  0.01 │
│                 case │                                            RTS_GMLC.m │
│            data_path │   /vast/home/kaarthik/in-progress/stochastic_nk/data/ │
│               budget │                                                     7 │
│              timeout │                                                 86400 │
│              problem │                                         deterministic │
│     generator_budget │                                                     0 │
└──────────────────────┴───────────────────────────────────────────────────────┘
