get line: sed -n '6 p' det-RTS-GMLC-runs.sh
command: julia --project=. src/main.jl -c RTS_GMLC.m -k 6 -a deterministic  
run command: julia --project=. src/main.jl -c RTS_GMLC.m -k 6 -a deterministic  
output: julia --project=. src/main.jl -c RTS_GMLC.m -k 6 -a deterministic  
Set parameter TokenServer to value "infrateam.lanl.gov"
[info | PowerModels]: Suppressing information and warning messages for the rest of this session.  Use the Memento package for more fine-grained control of logging.
Set parameter TimeLimit to value 86400
Set parameter LazyConstraints to value 1
Gurobi Optimizer version 10.0.0 build v10.0.0rc2 (linux64)

CPU model: Intel(R) Xeon(R) CPU E5-2695 v4 @ 2.10GHz, instruction set [SSE2|AVX|AVX2]
Thread count: 36 physical cores, 72 logical processors, using up to 32 threads

Optimize a model with 1 rows, 217 columns and 216 nonzeros
Model fingerprint: 0xa754208e
Variable types: 1 continuous, 216 integer (216 binary)
Coefficient statistics:
  Matrix range     [1e+00, 1e+00]
  Objective range  [1e+00, 1e+00]
  Bounds range     [1e-06, 1e+06]
  RHS range        [6e+00, 6e+00]
Presolve time: 0.00s
Presolved: 1 rows, 217 columns, 216 nonzeros
Variable types: 1 continuous, 216 integer (216 binary)

Root simplex log...

Iteration    Objective       Primal Inf.    Dual Inf.      Time
       0    1.3284117e+02   3.804985e+01   0.000000e+00      8s
       7    2.4995830e+01   0.000000e+00   0.000000e+00      8s

Root relaxation: objective 2.499583e+01, 7 iterations, 0.00 seconds (0.00 work units)

    Nodes    |    Current Node    |     Objective Bounds      |     Work
 Expl Unexpl |  Obj  Depth IntInf | Incumbent    BestBd   Gap | It/Node Time

     0     0   24.99583    0    -          -   24.99583      -     -    7s
     0     0   24.99583    0    2          -   24.99583      -     -    7s
H    0     0                       9.9400000   24.99583   151%     -    7s
H    0     0                      12.9400000   24.99583  93.2%     -    8s
     0     0   24.53351    0    6   12.94000   24.53351  89.6%     -    8s
     0     0   23.89207    0   12   12.94000   23.89207  84.6%     -    8s
H    0     0                      16.4400000   23.89207  45.3%     -    8s
     0     0   23.88553    0   12   16.44000   23.88553  45.3%     -    8s
     0     2   23.88553    0   12   16.44000   23.88553  45.3%     -    8s
*  241   214               8      16.4900000   23.39545  41.9%   5.0    9s
   863   668     cutoff   17        16.49000   23.37415  41.7%   3.8   11s
  3904  2181   18.18309   28   12   16.49000   22.34614  35.5%   4.0   15s
  4397  2446   18.62078   22    9   16.49000   20.13268  22.1%   4.1   20s
 10117  3907   17.99381   22    9   16.49000   19.19123  16.4%   4.3   25s
 13411  4721   16.95158   33    4   16.49000   18.43804  11.8%   4.5   30s

Cutting planes:
  Gomory: 3
  MIR: 3
  Flow cover: 2
  Lazy constraints: 288

Explored 27799 nodes (145399 simplex iterations) in 33.68 seconds (5.19 work units)
Thread count was 32 (of 72 available processors)

Solution count 4: 16.49 16.44 12.94 9.94 

Optimal solution found (tolerance 1.00e-04)
Best objective 1.649000000000e+01, best bound 1.649000000000e+01, gap 0.0000%

User-callback calls 59609, time in user-callback 24.65 sec
                                 CLI parameters
┌──────────────────────┬───────────────────────────────────────────────────────┐
│    maximum_scenarios │                                                    50 │
│        scenario_file │                        pglib_opf_case240_pserc_1.json │
│ use_separate_budgets │                                                 false │
│          output_path │ /vast/home/kaarthik/in-progress/stochastic_nk/output/ │
│          line_budget │                                                     2 │
│       optimality_gap │                                                  0.01 │
│                 case │                                            RTS_GMLC.m │
│            data_path │   /vast/home/kaarthik/in-progress/stochastic_nk/data/ │
│               budget │                                                     6 │
│              timeout │                                                 86400 │
│              problem │                                         deterministic │
│     generator_budget │                                                     0 │
└──────────────────────┴───────────────────────────────────────────────────────┘
