get line: sed -n '2 p' det-RTS-GMLC-runs.sh
command: julia --project=. src/main.jl -c RTS_GMLC.m -k 2 -a deterministic  
run command: julia --project=. src/main.jl -c RTS_GMLC.m -k 2 -a deterministic  
output: julia --project=. src/main.jl -c RTS_GMLC.m -k 2 -a deterministic  
Set parameter TokenServer to value "infrateam.lanl.gov"
[info | PowerModels]: Suppressing information and warning messages for the rest of this session.  Use the Memento package for more fine-grained control of logging.
Set parameter TimeLimit to value 86400
Set parameter LazyConstraints to value 1
Gurobi Optimizer version 10.0.0 build v10.0.0rc2 (linux64)

CPU model: Intel(R) Xeon(R) CPU E5-2695 v4 @ 2.10GHz, instruction set [SSE2|AVX|AVX2]
Thread count: 36 physical cores, 72 logical processors, using up to 32 threads

Optimize a model with 1 rows, 217 columns and 216 nonzeros
Model fingerprint: 0x1f5b7388
Variable types: 1 continuous, 216 integer (216 binary)
Coefficient statistics:
  Matrix range     [1e+00, 1e+00]
  Objective range  [1e+00, 1e+00]
  Bounds range     [1e-06, 1e+06]
  RHS range        [2e+00, 2e+00]
Presolve time: 0.01s
Presolved: 1 rows, 217 columns, 216 nonzeros
Variable types: 1 continuous, 216 integer (216 binary)

Root simplex log...

Iteration    Objective       Primal Inf.    Dual Inf.      Time
       0    1.3460226e+02   3.527462e+01   0.000000e+00      8s
       8    7.5500000e+00   0.000000e+00   0.000000e+00      8s

Root relaxation: objective 7.550000e+00, 8 iterations, 0.00 seconds (0.00 work units)

    Nodes    |    Current Node    |     Objective Bounds      |     Work
 Expl Unexpl |  Obj  Depth IntInf | Incumbent    BestBd   Gap | It/Node Time

     0     0    7.55000    0    -          -    7.55000      -     -    8s
     0     0    7.35763    0    2          -    7.35763      -     -    8s
H    0     0                       0.0000010    7.35763      -     -    8s
H    0     0                       2.2900000    7.35763   221%     -    8s
     0     0    7.27859    0    9    2.29000    7.27859   218%     -    8s
     0     0    7.27811    0   10    2.29000    7.27811   218%     -    9s
     0     2    5.72297    0   14    2.29000    5.72297   150%     -    9s
   106    20    5.72297   10    6    2.29000    5.72297   150%   3.1   10s
   951     5    3.09467   51   13    2.29000    3.09467  35.1%   3.0   15s

Cutting planes:
  MIR: 1
  Lazy constraints: 224

Explored 1083 nodes (3427 simplex iterations) in 15.24 seconds (0.28 work units)
Thread count was 32 (of 72 available processors)

Solution count 2: 2.29 1e-06 

Optimal solution found (tolerance 1.00e-04)
Best objective 2.290000000000e+00, best bound 2.290000000000e+00, gap 0.0000%

User-callback calls 2841, time in user-callback 14.62 sec
                                 CLI parameters
┌──────────────────────┬───────────────────────────────────────────────────────┐
│    maximum_scenarios │                                                    50 │
│        scenario_file │                        pglib_opf_case240_pserc_1.json │
│ use_separate_budgets │                                                 false │
│          output_path │ /vast/home/kaarthik/in-progress/stochastic_nk/output/ │
│          line_budget │                                                     2 │
│       optimality_gap │                                                  0.01 │
│                 case │                                            RTS_GMLC.m │
│            data_path │   /vast/home/kaarthik/in-progress/stochastic_nk/data/ │
│               budget │                                                     2 │
│              timeout │                                                 86400 │
│              problem │                                         deterministic │
│     generator_budget │                                                     0 │
└──────────────────────┴───────────────────────────────────────────────────────┘
