get line: sed -n '9 p' det-RTS-GMLC-runs.sh
command: julia --project=. src/main.jl -c RTS_GMLC.m -k 9 -a deterministic  
run command: julia --project=. src/main.jl -c RTS_GMLC.m -k 9 -a deterministic  
output: julia --project=. src/main.jl -c RTS_GMLC.m -k 9 -a deterministic  
Set parameter TokenServer to value "infrateam.lanl.gov"
[info | PowerModels]: Suppressing information and warning messages for the rest of this session.  Use the Memento package for more fine-grained control of logging.
Set parameter TimeLimit to value 86400
Set parameter LazyConstraints to value 1
Gurobi Optimizer version 10.0.0 build v10.0.0rc2 (linux64)

CPU model: Intel(R) Xeon(R) CPU E5-2695 v4 @ 2.10GHz, instruction set [SSE2|AVX|AVX2]
Thread count: 36 physical cores, 72 logical processors, using up to 32 threads

Optimize a model with 1 rows, 217 columns and 216 nonzeros
Model fingerprint: 0xa75f9256
Variable types: 1 continuous, 216 integer (216 binary)
Coefficient statistics:
  Matrix range     [1e+00, 1e+00]
  Objective range  [1e+00, 1e+00]
  Bounds range     [1e-06, 1e+06]
  RHS range        [9e+00, 9e+00]
Presolve time: 0.00s
Presolved: 1 rows, 217 columns, 216 nonzeros
Variable types: 1 continuous, 216 integer (216 binary)

Root simplex log...

Iteration    Objective       Primal Inf.    Dual Inf.      Time
       0    1.3437012e+02   4.068447e+01   0.000000e+00      8s
       3    3.7341536e+01   0.000000e+00   0.000000e+00      8s

Root relaxation: objective 3.734154e+01, 3 iterations, 0.00 seconds (0.00 work units)

    Nodes    |    Current Node    |     Objective Bounds      |     Work
 Expl Unexpl |  Obj  Depth IntInf | Incumbent    BestBd   Gap | It/Node Time

     0     0   37.34154    0    -          -   37.34154      -     -    7s
     0     0   36.95707    0    2          -   36.95707      -     -    7s
H    0     0                      20.4900000   36.95707  80.4%     -    7s
     0     0   33.04775    0    8   20.49000   33.04775  61.3%     -    7s
     0     0   32.92254    0   10   20.49000   32.92254  60.7%     -    8s
H    0     0                      27.0900000   32.92254  21.5%     -    8s
     0     0   32.87511    0   12   27.09000   32.87511  21.4%     -    8s
     0     2   32.87511    0   12   27.09000   32.87511  21.4%     -    8s

[969237] signal (11.1): Segmentation fault
in expression starting at none:0
Allocations: 37416432 (Pool: 37374864; Big: 41568); GC: 52
/tmp/slurmd/job15601516/slurm_script: line 23: 969237 Segmentation fault      (core dumped) julia --project=. src/main.jl -c RTS_GMLC.m -k 9 -a deterministic
