get line: sed -n '4 p' det-RTS-GMLC-runs.sh
command: julia --project=. src/main.jl -c RTS_GMLC.m -k 4 -a deterministic  
run command: julia --project=. src/main.jl -c RTS_GMLC.m -k 4 -a deterministic  
output: julia --project=. src/main.jl -c RTS_GMLC.m -k 4 -a deterministic  
Set parameter TokenServer to value "infrateam.lanl.gov"
[info | PowerModels]: Suppressing information and warning messages for the rest of this session.  Use the Memento package for more fine-grained control of logging.
Set parameter TimeLimit to value 86400
Set parameter LazyConstraints to value 1
Gurobi Optimizer version 10.0.0 build v10.0.0rc2 (linux64)

CPU model: Intel(R) Xeon(R) CPU E5-2695 v4 @ 2.10GHz, instruction set [SSE2|AVX|AVX2]
Thread count: 36 physical cores, 72 logical processors, using up to 32 threads

Optimize a model with 1 rows, 217 columns and 216 nonzeros
Model fingerprint: 0xc2523491
Variable types: 1 continuous, 216 integer (216 binary)
Coefficient statistics:
  Matrix range     [1e+00, 1e+00]
  Objective range  [1e+00, 1e+00]
  Bounds range     [1e-06, 1e+06]
  RHS range        [4e+00, 4e+00]
Presolve time: 0.00s
Presolved: 1 rows, 217 columns, 216 nonzeros
Variable types: 1 continuous, 216 integer (216 binary)

Root simplex log...

Iteration    Objective       Primal Inf.    Dual Inf.      Time
       0    1.2466813e+02   3.600999e+01   0.000000e+00      8s
       4    1.4650000e+01   0.000000e+00   0.000000e+00      8s

Root relaxation: objective 1.465000e+01, 4 iterations, 0.00 seconds (0.00 work units)

    Nodes    |    Current Node    |     Objective Bounds      |     Work
 Expl Unexpl |  Obj  Depth IntInf | Incumbent    BestBd   Gap | It/Node Time

     0     0   14.65000    0    -          -   14.65000      -     -    7s
     0     0   14.65000    0    2          -   14.65000      -     -    7s
H    0     0                       6.3900000   14.65000   129%     -    7s
H    0     0                       9.3900000   14.65000  56.0%     -    7s
     0     0   14.65000    0    4    9.39000   14.65000  56.0%     -    8s
     0     0   14.65000    0    5    9.39000   14.65000  56.0%     -    8s
     0     2   14.65000    0    6    9.39000   14.65000  56.0%     -    8s
    53    56   14.58125    6    6    9.39000   14.61389  55.6%   2.9   10s
   852   554   10.45701   26    3    9.39000   14.46754  54.1%   3.1   15s
* 2291  1241              13       9.8100000   13.96193  42.3%   3.5   18s
  3892  1039   10.63386   26    8    9.81000   12.44000  26.8%   3.9   20s
* 4152  1046              16      10.2600000   12.44000  21.2%   3.9   20s

Cutting planes:
  MIR: 1
  Lazy constraints: 295

Explored 5875 nodes (23463 simplex iterations) in 20.93 seconds (0.43 work units)
Thread count was 32 (of 72 available processors)

Solution count 4: 10.26 9.81 9.39 6.39 

Optimal solution found (tolerance 1.00e-04)
Best objective 1.026000000000e+01, best bound 1.026000000000e+01, gap 0.0000%

User-callback calls 12632, time in user-callback 19.85 sec
                                 CLI parameters
┌──────────────────────┬───────────────────────────────────────────────────────┐
│    maximum_scenarios │                                                    50 │
│        scenario_file │                        pglib_opf_case240_pserc_1.json │
│ use_separate_budgets │                                                 false │
│          output_path │ /vast/home/kaarthik/in-progress/stochastic_nk/output/ │
│          line_budget │                                                     2 │
│       optimality_gap │                                                  0.01 │
│                 case │                                            RTS_GMLC.m │
│            data_path │   /vast/home/kaarthik/in-progress/stochastic_nk/data/ │
│               budget │                                                     4 │
│              timeout │                                                 86400 │
│              problem │                                         deterministic │
│     generator_budget │                                                     0 │
└──────────────────────┴───────────────────────────────────────────────────────┘
